#
# There is insufficient memory for the Java Runtime Environment to continue.
# Native memory allocation (mmap) failed to map 534773760 bytes for Failed to commit area from 0x0000000602c00000 to 0x0000000622a00000 of length 534773760.
# Possible reasons:
#   The system is out of physical RAM or swap space
#   The process is running with CompressedOops enabled, and the Java Heap may be blocking the growth of the native heap
# Possible solutions:
#   Reduce memory load on the system
#   Increase physical memory or swap space
#   Check if swap backing store is full
#   Decrease Java heap size (-Xmx/-Xms)
#   Decrease number of Java threads
#   Decrease Java thread stack sizes (-Xss)
#   Set larger code cache with -XX:ReservedCodeCacheSize=
# This output file may be truncated or incomplete.
#
#  Out of Memory Error (./src/hotspot/os/windows/os_windows.cpp:3303), pid=91896, tid=89904
#
# JRE version:  (11.0.8+10) (build )
# Java VM: OpenJDK 64-Bit Server VM (11.0.8+10-b944.34, mixed mode, sharing, tiered, compressed oops, g1 gc, windows-amd64)
# No core dump will be written. Minidumps are not enabled by default on client versions of Windows
#

---------------  S U M M A R Y ------------

Command Line: org.jetbrains.git4idea.http.GitAskPassApp Username for 'https://github.com': 

Host: Intel(R) Core(TM) i9-9900K CPU @ 3.60GHz, 16 cores, 31G,  Windows 10 , 64 bit Build 19041 (10.0.19041.662)
Time: Wed Jan  6 19:05:10 2021 W. Europe Standard Time elapsed time: 0 seconds (0d 0h 0m 0s)

---------------  T H R E A D  ---------------

Current thread (0x0000020eefc3f000):  JavaThread "Unknown thread" [_thread_in_vm, id=89904, stack(0x0000008fbaf00000,0x0000008fbb000000)]

Stack: [0x0000008fbaf00000,0x0000008fbb000000]
Native frames: (J=compiled Java code, j=interpreted, Vv=VM code, C=native code)
V  [jvm.dll+0x5de35a]
V  [jvm.dll+0x712355]
V  [jvm.dll+0x7138ad]
V  [jvm.dll+0x713f63]
V  [jvm.dll+0x23e628]
V  [jvm.dll+0x5db804]
V  [jvm.dll+0x5d0925]
V  [jvm.dll+0x2faf9b]
V  [jvm.dll+0x2faf0a]
V  [jvm.dll+0x2fade2]
V  [jvm.dll+0x2ffcb6]
V  [jvm.dll+0x3483a3]
V  [jvm.dll+0x348aa6]
V  [jvm.dll+0x3484a3]
V  [jvm.dll+0x2d5be8]
V  [jvm.dll+0x2d6d87]
V  [jvm.dll+0x6f10e7]
V  [jvm.dll+0x6f28dc]
V  [jvm.dll+0x3558f9]
V  [jvm.dll+0x6d492e]
V  [jvm.dll+0x3bdad3]
V  [jvm.dll+0x3bfd01]
C  [jli.dll+0x5373]
C  [ucrtbase.dll+0x214c2]
C  [KERNEL32.DLL+0x17034]
C  [ntdll.dll+0x4d0d1]


---------------  P R O C E S S  ---------------

Threads class SMR info:
_java_thread_list=0x0000020eed965110, length=0, elements={
}

Java Threads: ( => current thread )

Other Threads:
  0x0000020eefc57000 GCTaskThread "GC Thread#0" [stack: 0x0000008fbb000000,0x0000008fbb100000] [id=14624]
  0x0000020eefcd9000 ConcurrentGCThread "G1 Main Marker" [stack: 0x0000008fbb100000,0x0000008fbb200000] [id=85156]
  0x0000020eefcda800 ConcurrentGCThread "G1 Conc#0" [stack: 0x0000008fbb200000,0x0000008fbb300000] [id=91412]

[error occurred during error reporting (printing all threads), id 0xc0000005, EXCEPTION_ACCESS_VIOLATION (0xc0000005) at pc=0x00007ffe3fb760c7]

VM state:not at safepoint (not fully initialized)

VM Mutex/Monitor currently owned by a thread:  ([mutex/lock_event])
[0x0000020eefc3bc70] Heap_lock - owner thread: 0x0000020eefc3f000

Heap address: 0x0000000602c00000, size: 8148 MB, Compressed Oops mode: Non-zero based: 0x0000000602c00000
Narrow klass base: 0x0000000000000000, Narrow klass shift: 0

GC Heap History (0 events):
No events

Deoptimization events (0 events):
No events

Classes redefined (0 events):
No events

Internal exceptions (0 events):
No events

Events (1 events):
Event: 0.006 Loaded shared library C:\Program Files\JetBrains\PyCharm 2020.2.1\jbr\bin\zip.dll


Dynamic libraries:
0x00007ff67da80000 - 0x00007ff67da8a000 	C:\Program Files\JetBrains\PyCharm 2020.2.1\jbr\bin\java.exe
0x00007ffea8230000 - 0x00007ffea8426000 	C:\WINDOWS\SYSTEM32\ntdll.dll
0x00007ffea6cd0000 - 0x00007ffea6d8d000 	C:\WINDOWS\System32\KERNEL32.DLL
0x00007ffea5970000 - 0x00007ffea5c39000 	C:\WINDOWS\System32\KERNELBASE.dll
0x00007ffea5c40000 - 0x00007ffea5d40000 	C:\WINDOWS\System32\ucrtbase.dll
0x00007ffea0940000 - 0x00007ffea0957000 	C:\Program Files\JetBrains\PyCharm 2020.2.1\jbr\bin\VCRUNTIME140.dll
0x00007ffe9e710000 - 0x00007ffe9e729000 	C:\Program Files\JetBrains\PyCharm 2020.2.1\jbr\bin\jli.dll
0x00007ffea7f20000 - 0x00007ffea80c0000 	C:\WINDOWS\System32\USER32.dll
0x00007ffea5dc0000 - 0x00007ffea5de2000 	C:\WINDOWS\System32\win32u.dll
0x00007ffe95800000 - 0x00007ffe95a9b000 	C:\WINDOWS\WinSxS\amd64_microsoft.windows.common-controls_6595b64144ccf1df_6.0.19041.488_none_ca04af081b815d21\COMCTL32.dll
0x00007ffea7cb0000 - 0x00007ffea7cda000 	C:\WINDOWS\System32\GDI32.dll
0x00007ffea7b30000 - 0x00007ffea7bce000 	C:\WINDOWS\System32\msvcrt.dll
0x00007ffea6050000 - 0x00007ffea6159000 	C:\WINDOWS\System32\gdi32full.dll
0x00007ffea5df0000 - 0x00007ffea5e8d000 	C:\WINDOWS\System32\msvcp_win.dll
0x00007ffea7ce0000 - 0x00007ffea7d10000 	C:\WINDOWS\System32\IMM32.DLL
0x00007ffe96d80000 - 0x00007ffe96e1d000 	C:\Program Files\JetBrains\PyCharm 2020.2.1\jbr\bin\msvcp140.dll
0x00007ffe3f890000 - 0x00007ffe4034d000 	C:\Program Files\JetBrains\PyCharm 2020.2.1\jbr\bin\server\jvm.dll
0x00007ffea75d0000 - 0x00007ffea767c000 	C:\WINDOWS\System32\ADVAPI32.dll
0x00007ffea7970000 - 0x00007ffea7a0c000 	C:\WINDOWS\System32\sechost.dll
0x00007ffea80c0000 - 0x00007ffea81eb000 	C:\WINDOWS\System32\RPCRT4.dll
0x00007ffea7f10000 - 0x00007ffea7f18000 	C:\WINDOWS\System32\PSAPI.DLL
0x00007ffe96d60000 - 0x00007ffe96d69000 	C:\WINDOWS\SYSTEM32\WSOCK32.dll
0x00007ffe95fa0000 - 0x00007ffe95fc7000 	C:\WINDOWS\SYSTEM32\WINMM.dll
0x00007ffea0130000 - 0x00007ffea013a000 	C:\WINDOWS\SYSTEM32\VERSION.dll
0x00007ffea7bd0000 - 0x00007ffea7c3b000 	C:\WINDOWS\System32\WS2_32.dll
0x00007ffea4230000 - 0x00007ffea4242000 	C:\WINDOWS\SYSTEM32\kernel.appcore.dll
0x00007ffe910d0000 - 0x00007ffe910e1000 	C:\Program Files\JetBrains\PyCharm 2020.2.1\jbr\bin\verify.dll
0x00007ffe9f700000 - 0x00007ffe9f8e4000 	C:\WINDOWS\SYSTEM32\DBGHELP.DLL
0x00007ffe9faa0000 - 0x00007ffe9facc000 	C:\WINDOWS\SYSTEM32\dbgcore.DLL
0x00007ffea5d40000 - 0x00007ffea5dc0000 	C:\WINDOWS\System32\bcryptPrimitives.dll
0x00007ffe8f9d0000 - 0x00007ffe8f9f9000 	C:\Program Files\JetBrains\PyCharm 2020.2.1\jbr\bin\java.dll
0x00007ffe91070000 - 0x00007ffe9107b000 	C:\Program Files\JetBrains\PyCharm 2020.2.1\jbr\bin\jimage.dll
0x00007ffe90690000 - 0x00007ffe906a8000 	C:\Program Files\JetBrains\PyCharm 2020.2.1\jbr\bin\zip.dll

dbghelp: loaded successfully - version: 4.0.5 - missing functions: none
symbol engine: initialized successfully - sym options: 0x614 - pdb path: .;C:\Program Files\JetBrains\PyCharm 2020.2.1\jbr\bin;C:\WINDOWS\SYSTEM32;C:\WINDOWS\WinSxS\amd64_microsoft.windows.common-controls_6595b64144ccf1df_6.0.19041.488_none_ca04af081b815d21;C:\Program Files\JetBrains\PyCharm 2020.2.1\jbr\bin\server

VM Arguments:
java_command: org.jetbrains.git4idea.http.GitAskPassApp Username for 'https://github.com': 
java_class_path (initial): C:/Program Files/JetBrains/PyCharm 2020.2.1/plugins/git4idea/lib/git4idea-rt.jar;C:/Program Files/JetBrains/PyCharm 2020.2.1/lib/xmlrpc-2.0.1.jar;C:/Program Files/JetBrains/PyCharm 2020.2.1/lib/commons-codec-1.14.jar
Launcher Type: SUN_STANDARD

[Global flags]
     intx CICompilerCount                          = 12                                        {product} {ergonomic}
     uint ConcGCThreads                            = 3                                         {product} {ergonomic}
     uint G1ConcRefinementThreads                  = 13                                        {product} {ergonomic}
   size_t G1HeapRegionSize                         = 2097152                                   {product} {ergonomic}
    uintx GCDrainStackTargetSize                   = 64                                        {product} {ergonomic}
   size_t InitialHeapSize                          = 534773760                                 {product} {ergonomic}
   size_t MarkStackSize                            = 4194304                                   {product} {ergonomic}
   size_t MaxHeapSize                              = 8543797248                                {product} {ergonomic}
   size_t MinHeapDeltaBytes                        = 2097152                                   {product} {ergonomic}
    uintx NonNMethodCodeHeapSize                   = 7594288                                {pd product} {ergonomic}
    uintx NonProfiledCodeHeapSize                  = 122031976                              {pd product} {ergonomic}
    uintx ProfiledCodeHeapSize                     = 122031976                              {pd product} {ergonomic}
    uintx ReservedCodeCacheSize                    = 251658240                              {pd product} {ergonomic}
     bool SegmentedCodeCache                       = true                                      {product} {ergonomic}
     bool UseCompressedClassPointers               = true                                 {lp64_product} {ergonomic}
     bool UseCompressedOops                        = true                                 {lp64_product} {ergonomic}
     bool UseG1GC                                  = true                                      {product} {ergonomic}
     bool UseLargePagesIndividualAllocation        = false                                  {pd product} {ergonomic}

Logging:
Log output configuration:
 #0: stdout all=warning uptime,level,tags
 #1: stderr all=off uptime,level,tags

Environment Variables:
JAVA_HOME=C:\Program Files\Java\jdk-11.0.7\bin
PATH=C:\Program Files\Git\mingw64\libexec\git-core;C:\Program Files\Git\mingw64\libexec\git-core;C:\Program Files\Git\mingw64\bin;C:\Program Files\Git\usr\bin;C:\Users\41763\bin;C:\Program Files\NVIDIA GPU Computing Toolkit\CUDA\v10.1\bin;C:\Program Files\NVIDIA GPU Computing Toolkit\CUDA\v10.1\libnvvp;C:\Program Files\NVIDIA GPU Computing Toolkit\CUDA\v10.0\bin;C:\Program Files\NVIDIA GPU Computing Toolkit\CUDA\v10.0\libnvvp;C:\Program Files (x86)\Intel\Intel(R) Management Engine Components\iCLS;C:\Program Files\Intel\Intel(R) Management Engine Components\iCLS;C:\Windows\system32;C:\Windows;C:\Windows\System32\Wbem;C:\Windows\System32\WindowsPowerShell\v1.0;C:\Windows\System32\OpenSSH;C:\Program Files (x86)\Intel\Intel(R) Management Engine Components\DAL;C:\Program Files\Intel\Intel(R) Management Engine Components\DAL;C:\Program Files\Git\cmd;C:\Program Files\TortoiseSVN\bin;C:\Program Files (x86)\GtkSharp\2.12\bin;C:\ProgramData\Anaconda3\condabin;C:\Program Files\Git LFS;C:\WINDOWS\system32;C:\WINDOWS;C:\WINDOWS\System32\Wbem;C:\WINDOWS\System32\WindowsPowerShell\v1.0;C:\Program Files (x86)\Paragon Software\APFS for Windows;C:\Program Files\NVIDIA Corporation\NVIDIA NGX;C:\Program Files (x86)\NVIDIA Corporation\PhysX\Common;C:\Users\tig\AppData\Local\Programs\Python\Python36;C:\Program Files\NVIDIA Corporation\Nsight Compute 2019.4.0;C:\Program Files\NVIDIA Corporation\NVIDIA NvDLISR;C:\MinGW\bin;C:\Users\tig\AppData\Local\Programs\Python\Python36\Scripts;D:\Tara\potrace-1.16.win64\potrace-1.16.win64;C:\WinPython\python-3.6.5.amd64;C:\Program Files\Java\jdk-11.0.7\bin;C:\WINDOWS\system32;C:\WINDOWS;C:\WINDOWS\System32\Wbem;C:\WINDOWS\System32\WindowsPowerShell\v1.0;C:\Program Files\Docker\Docker\resources\bin;C:\ProgramData\DockerDesktop\version-bin;C:\Users\41763\AppData\Local\Microsoft\WindowsApps;C:\Users\41763\AppData\Local\GitHubDesktop\bin;C:\Users\41763\AppData\Local\Microsoft\WindowsApps;C:\Program Files\Java\jdk-11.0.7\bin
USERNAME=41763
DISPLAY=:0.0
LC_ALL=en_US.UTF-8
OS=Windows_NT
PROCESSOR_IDENTIFIER=Intel64 Family 6 Model 158 Stepping 12, GenuineIntel



---------------  S Y S T E M  ---------------

OS: Windows 10 , 64 bit Build 19041 (10.0.19041.662)
OS uptime: 28 days 1:11 hours
HyperV virtualization detected

CPU:total 16 (initial active 16) (8 cores per cpu, 2 threads per core) family 6 model 158 stepping 12, cmov, cx8, fxsr, mmx, sse, sse2, sse3, ssse3, sse4.1, sse4.2, popcnt, avx, avx2, aes, clmul, erms, rtm, 3dnowpref, lzcnt, ht, tsc, tscinvbit, bmi1, bmi2, adx, fma

Memory: 4k page, system-wide physical 32586M (560M free)
TotalPageFile size 130833M (AvailPageFile size 298M)
current process WorkingSet (physical memory assigned to process): 10M, peak: 10M
current process commit charge ("private bytes"): 71M, peak: 581M

vm_info: OpenJDK 64-Bit Server VM (11.0.8+10-b944.34) for windows-amd64 JRE (11.0.8+10-b944.34), built on Sep 11 2020 15:32:11 by "" with MS VC++ 14.0 (VS2015)

END.
